############################################################
SEQ_SIZE : 6
No. of training videos : 16
Size : [4404, 4353, 4036, 4302, 4579, 4497, 4451, 4499, 5057, 4497, 4450, 4473, 4231, 4489, 5046, 4449, 3676, 3489, 3433, 6478, 6404, 7127, 22888, 27834, 3008, 2417, 26842, 4936, 23403, 23183, 26396, 26753, 3433, 23176, 1518, 25907, 4978, 3875, 2176, 22903, 3937, 2242, 28125, 4581, 3152, 3915, 2363, 3010, 22403, 4114, 28697, 4996, 28850, 3837, 3994, 1954, 5115, 4577, 5009, 370, 4602, 1385, 3346, 4555, 2075, 4843, 2289, 28025, 3965, 3833, 3883, 3251, 28753, 5008, 3771, 3426, 3910, 5105, 4042, 3885, 3735, 4724, 2402, 5074, 3695, 2553, 22480, 4119, 22500, 3220, 22476, 30233, 2734, 4097]
800811
Loading features from disk...
Features loaded into dictionary ...
Features loaded into dictionary ...
800811
('INP_VEC_SIZE = ', 3600)
Training for 30 epochs...
------------------------------------------------------------
Epoch -> 1 
Phase : Train :: Epoch : 1 :: Loss : 996.756487548 :: Accuracy : 0.863809313309 : LR : 0.001
------------------------------------------------------------
Epoch -> 2 
Phase : Train :: Epoch : 2 :: Loss : 585.882947803 :: Accuracy : 0.933253913845 : LR : 0.001
------------------------------------------------------------
Epoch -> 3 
Phase : Train :: Epoch : 3 :: Loss : 376.413201924 :: Accuracy : 0.965288938339 : LR : 0.001
------------------------------------------------------------
Epoch -> 4 
Phase : Train :: Epoch : 4 :: Loss : 261.058517683 :: Accuracy : 0.980866896184 : LR : 0.001
------------------------------------------------------------
Epoch -> 5 
Phase : Train :: Epoch : 5 :: Loss : 197.087908279 :: Accuracy : 0.988456702018 : LR : 0.001
------------------------------------------------------------
Epoch -> 6 
Phase : Train :: Epoch : 6 :: Loss : 157.324275583 :: Accuracy : 0.99228656949 : LR : 0.001
------------------------------------------------------------
Epoch -> 7 
Phase : Train :: Epoch : 7 :: Loss : 132.799605623 :: Accuracy : 0.994312016194 : LR : 0.001
------------------------------------------------------------
Epoch -> 8 
Phase : Train :: Epoch : 8 :: Loss : 113.94919755 :: Accuracy : 0.995483328775 : LR : 0.001
------------------------------------------------------------
Epoch -> 9 
Phase : Train :: Epoch : 9 :: Loss : 100.840150652 :: Accuracy : 0.996238812903 : LR : 0.001
------------------------------------------------------------
Epoch -> 10 
Phase : Train :: Epoch : 10 :: Loss : 90.176356704 :: Accuracy : 0.996639656548 : LR : 0.001
------------------------------------------------------------
Epoch -> 11 
Phase : Train :: Epoch : 11 :: Loss : 46.3826762247 :: Accuracy : 0.999325683588 : LR : 0.0001
------------------------------------------------------------
Epoch -> 12 
Phase : Train :: Epoch : 12 :: Loss : 39.4154573381 :: Accuracy : 0.99965534939 : LR : 0.0001
------------------------------------------------------------
Epoch -> 13 
Phase : Train :: Epoch : 13 :: Loss : 36.2168975677 :: Accuracy : 0.999719034828 : LR : 0.0001
------------------------------------------------------------
Epoch -> 14 
Phase : Train :: Epoch : 14 :: Loss : 33.6821480626 :: Accuracy : 0.999736517106 : LR : 0.0001
------------------------------------------------------------
Epoch -> 15 
Phase : Train :: Epoch : 15 :: Loss : 31.4114626802 :: Accuracy : 0.999782720267 : LR : 0.0001
------------------------------------------------------------
Epoch -> 16 
Phase : Train :: Epoch : 16 :: Loss : 29.5541316788 :: Accuracy : 0.999772730395 : LR : 0.0001
------------------------------------------------------------
Epoch -> 17 
Phase : Train :: Epoch : 17 :: Loss : 27.7917931681 :: Accuracy : 0.999826425961 : LR : 0.0001
------------------------------------------------------------
Epoch -> 18 
Phase : Train :: Epoch : 18 :: Loss : 26.1865259428 :: Accuracy : 0.99981393862 : LR : 0.0001
------------------------------------------------------------
Epoch -> 19 
Phase : Train :: Epoch : 19 :: Loss : 24.7221926926 :: Accuracy : 0.999826425961 : LR : 0.0001
------------------------------------------------------------
Epoch -> 20 
Phase : Train :: Epoch : 20 :: Loss : 23.3413360718 :: Accuracy : 0.999845156972 : LR : 0.0001
------------------------------------------------------------
Epoch -> 21 
Phase : Train :: Epoch : 21 :: Loss : 20.6381837067 :: Accuracy : 0.999887613931 : LR : 1e-05
------------------------------------------------------------
Epoch -> 22 
Phase : Train :: Epoch : 22 :: Loss : 20.1488183328 :: Accuracy : 0.999930070891 : LR : 1e-05
------------------------------------------------------------
Epoch -> 23 
Phase : Train :: Epoch : 23 :: Loss : 19.922949143 :: Accuracy : 0.999938812029 : LR : 1e-05
------------------------------------------------------------
Epoch -> 24 
Phase : Train :: Epoch : 24 :: Loss : 19.7559302247 :: Accuracy : 0.999938812029 : LR : 1e-05
------------------------------------------------------------
Epoch -> 25 
Phase : Train :: Epoch : 25 :: Loss : 19.5801846294 :: Accuracy : 0.999943806966 : LR : 1e-05
------------------------------------------------------------
Epoch -> 26 
Phase : Train :: Epoch : 26 :: Loss : 19.4339945188 :: Accuracy : 0.999943806966 : LR : 1e-05
------------------------------------------------------------
Epoch -> 27 
Phase : Train :: Epoch : 27 :: Loss : 19.2832114601 :: Accuracy : 0.999938812029 : LR : 1e-05
------------------------------------------------------------
Epoch -> 28 
Phase : Train :: Epoch : 28 :: Loss : 19.148566385 :: Accuracy : 0.999937563295 : LR : 1e-05
------------------------------------------------------------
Epoch -> 29 
Phase : Train :: Epoch : 29 :: Loss : 18.9938385577 :: Accuracy : 0.999946304434 : LR : 1e-05
------------------------------------------------------------
Epoch -> 30 
Phase : Train :: Epoch : 30 :: Loss : 18.8336488747 :: Accuracy : 0.999950050636 : LR : 1e-05
Model saved to disk... /home/arpan/VisionWorkspace/localization_gru/logs/GRU_hogHLMain_log_hidden1k/GRU_HOG_ep30_seq6_Adam.pt
Time for training : 50049.650228
Prediction video meta info.
Size : [4449, 4388, 4405, 4463, 5214]
577861
Loading validation/test features from disk...
Features loaded into dictionary ...
Predicting on the validation/test videos...
Predictions done on validation/test set...
Prediction file /home/arpan/VisionWorkspace/localization_gru/logs/GRU_hogHLMain_log_hidden1k/predicted_localizations_HLMainTest_th0_5_filt60_ep30_seq6.json !!
Done 0 : hotstar/karnataka-stamp-class-on-day-1.mp4
TIoU for video : 0.438607477109
Done 1 : hotstar/Top 20 Crazy Moments In Cricket.mp4
TIoU for video : 0.290569559342
Done 2 : youtube/v_BBshznJqWFE.mp4
TIoU for video : 0.499374079454
Done 3 : youtube/v_19sVHiSbanM.mp4
TIoU for video : 0.204746658163
Done 4 : youtube/v_Mv4mzOxKyE8.mp4
TIoU for video : 0.375753528584
Done 5 : hotstar/day-1-england-ride-on-root-moeen.mp4
TIoU for video : 0.552678746699
Done 6 : hotstar/same-yuvraj-different-comeback.mp4
TIoU for video : 0.590383880825
Done 7 : youtube/v_LtgHf51-i4U.mp4
TIoU for video : 0.334303296284
Done 8 : cpl2015/Game 28 highlights - Amazon Warriors vs Tridents _ CPL15.avi
TIoU for video : 0.556005731435
Done 9 : youtube/v_5wgFl-4X2-Q.mp4
TIoU for video : 0.611583048583
Done 10 : ipl2017/IPL2017 M11.avi
TIoU for video : 0.403686370615
Done 11 : youtube/v_-Wp7AhmHNAI.mp4
TIoU for video : 0.26464025745
Done 12 : youtube/v_ExNKybLxmoc.mp4
TIoU for video : 0.298131540705
Done 13 : youtube/v_EWnlXR7dqvU.mp4
TIoU for video : 0.454187832679
Done 14 : youtube/v_RSi3SiCJJsA.mp4
TIoU for video : 0.560731153831
Done 15 : hotstar/5th-test-rahuls-199-vs-eng.mp4
TIoU for video : 0.617151607754
Done 16 : hotstar/IPL Super over.mp4
TIoU for video : 0.43309678943
Done 17 : youtube/v_6mi0vnPncSc.mp4
TIoU for video : 0.369801157901
Done 18 : hotstar/india-win-thriller-in-nagpur.mp4
TIoU for video : 0.485725856364
Done 19 : hotstar/1st-odi-kohlijadhavs-200run-stand.mp4
TIoU for video : 0.601889551568
Done 20 : youtube/v_QpwaoVZSChY.mp4
TIoU for video : 0.425847457627
Done 21 : ipl2017/IPL2017 M42.avi
TIoU for video : 0.478665058267
Done 22 : hotstar/yuvi-msd-give-ind-series-win.mp4
TIoU for video : 0.540471894392
Done 23 : youtube/v__tEb7K5jc7M.mp4
TIoU for video : 0.405357004895
Done 24 : youtube/v_-vlWskdBSQw.mp4
TIoU for video : 0.428323016671
Done 25 : hotstar/Highlights Australia v India, MCG.mp4
TIoU for video : 0.386301888245
Done 26 : hotstar/dhonis-134-tames-england.mp4
TIoU for video : 0.494433217576
Done 27 : youtube/v_Tb1V2UNSe3g.mp4
TIoU for video : 0.423525683093
Done 28 : youtube/v_M_92i_kasAs.mp4
TIoU for video : 0.427645017896
Done 29 : cpl2015/Game 7 highlights - Tridents vs Patriots _ CPL15.avi
TIoU for video : 0.362888617181
Total segments : 1169
Total_tiou (all vids) : 494.314938975
Weighted Averaged TIoU  : 0.422852813494
#Parameters : 13807001 
TIoU : 0.422852813494
############################################################
TIoU values written for all iterations !!
