############################################################
SEQ_SIZE : 17
No. of training videos : 16
Size : [4404, 4353, 4036, 4302, 4579, 4497, 4451, 4499, 5057, 4497, 4450, 4473, 4231, 4489, 5046, 4449, 3676, 3489, 3433, 6478, 6404, 7127, 22888, 27834, 3008, 2417, 26842, 4936, 23403, 23183, 26396, 26753, 3433, 23176, 1518, 25907, 4978, 3875, 2176, 22903, 3937, 2242, 28125, 4581, 3152, 3915, 2363, 3010, 22403, 4114, 28697, 4996, 28850, 3837, 3994, 1954, 5115, 4577, 5009, 370, 4602, 1385, 3346, 4555, 2075, 4843, 2289, 28025, 3965, 3833, 3883, 3251, 28753, 5008, 3771, 3426, 3910, 5105, 4042, 3885, 3735, 4724, 2402, 5074, 3695, 2553, 22480, 4119, 22500, 3220, 22476, 30233, 2734, 4097]
799777
Loading features from disk...
Features loaded into dictionary ...
Features loaded into dictionary ...
799777
('INP_VEC_SIZE = ', 100)
------------------------------------------------------------
Epoch -> 1 
Phase : Train :: Epoch : 1 :: Loss : 1661.33482486 :: Accuracy : 0.747704672678 : LR : 0.001
------------------------------------------------------------
Epoch -> 2 
Phase : Train :: Epoch : 2 :: Loss : 1606.29329133 :: Accuracy : 0.763415302015 : LR : 0.001
------------------------------------------------------------
Epoch -> 3 
Phase : Train :: Epoch : 3 :: Loss : 1584.68305853 :: Accuracy : 0.768655512724 : LR : 0.001
------------------------------------------------------------
Epoch -> 4 
Phase : Train :: Epoch : 4 :: Loss : 1566.41335589 :: Accuracy : 0.773656906863 : LR : 0.001
------------------------------------------------------------
Epoch -> 5 
Phase : Train :: Epoch : 5 :: Loss : 1557.34583801 :: Accuracy : 0.775529928968 : LR : 0.001
------------------------------------------------------------
Epoch -> 6 
Phase : Train :: Epoch : 6 :: Loss : 1543.6036135 :: Accuracy : 0.778163162982 : LR : 0.001
------------------------------------------------------------
Epoch -> 7 
Phase : Train :: Epoch : 7 :: Loss : 1533.68855473 :: Accuracy : 0.780858914422 : LR : 0.001
------------------------------------------------------------
Epoch -> 8 
Phase : Train :: Epoch : 8 :: Loss : 1527.84990558 :: Accuracy : 0.781836686976 : LR : 0.001
------------------------------------------------------------
Epoch -> 9 
Phase : Train :: Epoch : 9 :: Loss : 1521.8639541 :: Accuracy : 0.783633437821 : LR : 0.001
------------------------------------------------------------
Epoch -> 10 
Phase : Train :: Epoch : 10 :: Loss : 1521.37926313 :: Accuracy : 0.784106069567 : LR : 0.001
------------------------------------------------------------
Epoch -> 11 
Phase : Train :: Epoch : 11 :: Loss : 1471.46615335 :: Accuracy : 0.794976599727 : LR : 0.0001
------------------------------------------------------------
Epoch -> 12 
Phase : Train :: Epoch : 12 :: Loss : 1435.46533081 :: Accuracy : 0.803092612066 : LR : 0.0001
------------------------------------------------------------
Epoch -> 13 
Phase : Train :: Epoch : 13 :: Loss : 1411.46966711 :: Accuracy : 0.808777946853 : LR : 0.0001
------------------------------------------------------------
Epoch -> 14 
Phase : Train :: Epoch : 14 :: Loss : 1391.37355492 :: Accuracy : 0.813277951229 : LR : 0.0001
------------------------------------------------------------
Epoch -> 15 
Phase : Train :: Epoch : 15 :: Loss : 1375.39681703 :: Accuracy : 0.817165284823 : LR : 0.0001
------------------------------------------------------------
Epoch -> 16 
Phase : Train :: Epoch : 16 :: Loss : 1361.20557994 :: Accuracy : 0.821088878525 : LR : 0.0001
------------------------------------------------------------
Epoch -> 17 
Phase : Train :: Epoch : 17 :: Loss : 1348.21012366 :: Accuracy : 0.823589575594 : LR : 0.0001
------------------------------------------------------------
Epoch -> 18 
Phase : Train :: Epoch : 18 :: Loss : 1336.41769868 :: Accuracy : 0.826106527194 : LR : 0.0001
------------------------------------------------------------
Epoch -> 19 
Phase : Train :: Epoch : 19 :: Loss : 1327.34666422 :: Accuracy : 0.828512197775 : LR : 0.0001
------------------------------------------------------------
Epoch -> 20 
Phase : Train :: Epoch : 20 :: Loss : 1319.26958764 :: Accuracy : 0.829828814782 : LR : 0.0001
------------------------------------------------------------
Epoch -> 21 
Phase : Train :: Epoch : 21 :: Loss : 1299.86077347 :: Accuracy : 0.83447260924 : LR : 1e-05
------------------------------------------------------------
Epoch -> 22 
Phase : Train :: Epoch : 22 :: Loss : 1286.86088157 :: Accuracy : 0.836909538534 : LR : 1e-05
------------------------------------------------------------
Epoch -> 23 
Phase : Train :: Epoch : 23 :: Loss : 1278.81826305 :: Accuracy : 0.83889259131 : LR : 1e-05
------------------------------------------------------------
Epoch -> 24 
Phase : Train :: Epoch : 24 :: Loss : 1272.16738829 :: Accuracy : 0.840151692284 : LR : 1e-05
------------------------------------------------------------
Epoch -> 25 
Phase : Train :: Epoch : 25 :: Loss : 1267.0134083 :: Accuracy : 0.841312015724 : LR : 1e-05
------------------------------------------------------------
Epoch -> 26 
Phase : Train :: Epoch : 26 :: Loss : 1262.24646038 :: Accuracy : 0.842417323829 : LR : 1e-05
------------------------------------------------------------
Epoch -> 27 
Phase : Train :: Epoch : 27 :: Loss : 1258.16200691 :: Accuracy : 0.843540136813 : LR : 1e-05
------------------------------------------------------------
Epoch -> 28 
Phase : Train :: Epoch : 28 :: Loss : 1254.52471471 :: Accuracy : 0.844375369634 : LR : 1e-05
------------------------------------------------------------
Epoch -> 29 
Phase : Train :: Epoch : 29 :: Loss : 1250.90849924 :: Accuracy : 0.845299377201 : LR : 1e-05
------------------------------------------------------------
Epoch -> 30 
Phase : Train :: Epoch : 30 :: Loss : 1247.34885052 :: Accuracy : 0.846115854795 : LR : 1e-05
Model saved to disk... /home/arpan/VisionWorkspace/localization_gru/logs/GRU_hoofHLMain_log_hidden1k/GRU_HOOF_ep30_seq17_Adam.pt
Time for training : 10194.971576
Prediction video meta info.
Size : [4449, 4388, 4405, 4463, 5214]
577531
Loading validation/test features from disk...
Features loaded into dictionary ...
Predicting on the validation/test videos...
Predictions done on validation/test set...
Prediction file /home/arpan/VisionWorkspace/localization_gru/logs/GRU_hoofHLMain_log_hidden1k/predicted_localizations_test_th0_5_filt60_ep30_seq17.json !!
Done 0 : hotstar/karnataka-stamp-class-on-day-1.mp4
TIoU for video : 0.340471323583
Done 1 : hotstar/Top 20 Crazy Moments In Cricket.mp4
TIoU for video : 0.21221719457
Done 2 : youtube/v_BBshznJqWFE.mp4
Done 3 : youtube/v_19sVHiSbanM.mp4
TIoU for video : 0.159656201672
Done 4 : youtube/v_Mv4mzOxKyE8.mp4
TIoU for video : 0.22410015321
Done 5 : hotstar/day-1-england-ride-on-root-moeen.mp4
TIoU for video : 0.319913081632
Done 6 : hotstar/same-yuvraj-different-comeback.mp4
TIoU for video : 0.282139304997
Done 7 : youtube/v_LtgHf51-i4U.mp4
TIoU for video : 0.307175155273
Done 8 : cpl2015/Game 28 highlights - Amazon Warriors vs Tridents _ CPL15.avi
TIoU for video : 0.35791339412
Done 9 : youtube/v_5wgFl-4X2-Q.mp4
TIoU for video : 0.454206462755
Done 10 : ipl2017/IPL2017 M11.avi
TIoU for video : 0.282411370511
Done 11 : youtube/v_-Wp7AhmHNAI.mp4
TIoU for video : 0.282887328755
Done 12 : youtube/v_ExNKybLxmoc.mp4
TIoU for video : 0.27027164815
Done 13 : youtube/v_EWnlXR7dqvU.mp4
TIoU for video : 0.353844823416
Done 14 : youtube/v_RSi3SiCJJsA.mp4
TIoU for video : 0.321780434628
Done 15 : hotstar/5th-test-rahuls-199-vs-eng.mp4
TIoU for video : 0.15947467167
Done 16 : hotstar/IPL Super over.mp4
TIoU for video : 0.0
Done 17 : youtube/v_6mi0vnPncSc.mp4
TIoU for video : 0.219210267619
Done 18 : hotstar/india-win-thriller-in-nagpur.mp4
TIoU for video : 0.264549538183
Done 19 : hotstar/1st-odi-kohlijadhavs-200run-stand.mp4
TIoU for video : 0.31603088409
Done 20 : youtube/v_QpwaoVZSChY.mp4
Done 21 : ipl2017/IPL2017 M42.avi
TIoU for video : 0.228133663896
Done 22 : hotstar/yuvi-msd-give-ind-series-win.mp4
TIoU for video : 0.322708620213
Done 23 : youtube/v__tEb7K5jc7M.mp4
TIoU for video : 0.286473969452
Done 24 : youtube/v_-vlWskdBSQw.mp4
TIoU for video : 0.232341616108
Done 25 : hotstar/Highlights Australia v India, MCG.mp4
TIoU for video : 0.20605996708
Done 26 : hotstar/dhonis-134-tames-england.mp4
TIoU for video : 0.26009034212
Done 27 : youtube/v_Tb1V2UNSe3g.mp4
TIoU for video : 0.231953976796
Done 28 : youtube/v_M_92i_kasAs.mp4
TIoU for video : 0.201200293435
Done 29 : cpl2015/Game 7 highlights - Tridents vs Patriots _ CPL15.avi
TIoU for video : 0.293385808086
Total segments : 1169
Total_tiou (all vids) : 295.651306157
Weighted Averaged TIoU  : 0.252909586106
#Parameters : 3307001 
############################################################
TIoU values written for all iterations !!
