############################################################
c3dWinSize : 17 :: SEQ_SIZE : 17
No. of training videos : 94
Size : [4404, 4353, 4036, 4302, 4579, 4497, 4451, 4499, 5057, 4497, 4450, 4473, 4231, 4489, 5046, 4449, 3676, 3489, 3433, 6478, 6404, 7127, 22888, 27834, 3008, 2417, 26842, 4936, 23403, 23183, 26396, 26753, 3433, 23176, 1518, 25907, 4978, 3875, 2176, 22903, 3937, 2242, 28125, 4581, 3152, 3915, 2363, 3010, 22403, 4114, 28697, 4996, 28850, 3837, 3994, 1954, 5115, 4577, 5009, 370, 4602, 1385, 3346, 4555, 2075, 4843, 2289, 28025, 3965, 3833, 3883, 3251, 28753, 5008, 3771, 3426, 3910, 5105, 4042, 3885, 3735, 4724, 2402, 5074, 3695, 2553, 22480, 4119, 22500, 3220, 22476, 30233, 2734, 4097]
799777
Loading features from disk...
Features loaded into dictionary ...
Features loaded into dictionary ...
799777
('INP_VEC_SIZE = ', 4096)
------------------------------------------------------------
Epoch -> 1 
Phase : Train :: Epoch : 1 :: Loss : 89.583044521 :: Accuracy : 0.988264228654 : LR : 0.001
------------------------------------------------------------
Epoch -> 2 
Phase : Train :: Epoch : 2 :: Loss : 80.4562089915 :: Accuracy : 0.989689625983 : LR : 0.001
------------------------------------------------------------
Epoch -> 3 
Phase : Train :: Epoch : 3 :: Loss : 76.2409405158 :: Accuracy : 0.99032355269 : LR : 0.001
------------------------------------------------------------
Epoch -> 4 
Phase : Train :: Epoch : 4 :: Loss : 72.6975918856 :: Accuracy : 0.990629888081 : LR : 0.001
------------------------------------------------------------
Epoch -> 5 
Phase : Train :: Epoch : 5 :: Loss : 69.6512690145 :: Accuracy : 0.991038752052 : LR : 0.001
------------------------------------------------------------
Epoch -> 6 
Phase : Train :: Epoch : 6 :: Loss : 69.0158794945 :: Accuracy : 0.990988738111 : LR : 0.001
------------------------------------------------------------
Epoch -> 7 
Phase : Train :: Epoch : 7 :: Loss : 68.3981711887 :: Accuracy : 0.991237557469 : LR : 0.001
------------------------------------------------------------
Epoch -> 8 
Phase : Train :: Epoch : 8 :: Loss : 66.394337084 :: Accuracy : 0.991353839883 : LR : 0.001
------------------------------------------------------------
Epoch -> 9 
Phase : Train :: Epoch : 9 :: Loss : 64.7381459916 :: Accuracy : 0.991606410287 : LR : 0.001
------------------------------------------------------------
Epoch -> 10 
Phase : Train :: Epoch : 10 :: Loss : 64.822813557 :: Accuracy : 0.991505132056 : LR : 0.001
------------------------------------------------------------
Epoch -> 11 
Phase : Train :: Epoch : 11 :: Loss : 63.3818248144 :: Accuracy : 0.991761453505 : LR : 0.001
------------------------------------------------------------
Epoch -> 12 
Phase : Train :: Epoch : 12 :: Loss : 62.1960217191 :: Accuracy : 0.991950256134 : LR : 0.001
------------------------------------------------------------
Epoch -> 13 
Phase : Train :: Epoch : 13 :: Loss : 61.0006675202 :: Accuracy : 0.992056535759 : LR : 0.001
------------------------------------------------------------
Epoch -> 14 
Phase : Train :: Epoch : 14 :: Loss : 60.4401437893 :: Accuracy : 0.992104049004 : LR : 0.001
------------------------------------------------------------
Epoch -> 15 
Phase : Train :: Epoch : 15 :: Loss : 59.1419323905 :: Accuracy : 0.992144060157 : LR : 0.001
------------------------------------------------------------
Epoch -> 16 
Phase : Train :: Epoch : 16 :: Loss : 58.2942342736 :: Accuracy : 0.992294101981 : LR : 0.001
------------------------------------------------------------
Epoch -> 17 
Phase : Train :: Epoch : 17 :: Loss : 57.3602640001 :: Accuracy : 0.992517914369 : LR : 0.001
------------------------------------------------------------
Epoch -> 18 
Phase : Train :: Epoch : 18 :: Loss : 57.1723660129 :: Accuracy : 0.992444143805 : LR : 0.001
------------------------------------------------------------
Epoch -> 19 
Phase : Train :: Epoch : 19 :: Loss : 57.5536365311 :: Accuracy : 0.992270345359 : LR : 0.001
------------------------------------------------------------
Epoch -> 20 
Phase : Train :: Epoch : 20 :: Loss : 55.1851409188 :: Accuracy : 0.992771735121 : LR : 0.001
------------------------------------------------------------
Epoch -> 21 
Phase : Train :: Epoch : 21 :: Loss : 53.6172558346 :: Accuracy : 0.992929279037 : LR : 0.001
------------------------------------------------------------
Epoch -> 22 
Phase : Train :: Epoch : 22 :: Loss : 54.0387187903 :: Accuracy : 0.992853007776 : LR : 0.001
------------------------------------------------------------
Epoch -> 23 
Phase : Train :: Epoch : 23 :: Loss : 54.0284079468 :: Accuracy : 0.992784238607 : LR : 0.001
------------------------------------------------------------
Epoch -> 24 
Phase : Train :: Epoch : 24 :: Loss : 52.0909450957 :: Accuracy : 0.99324186617 : LR : 0.001
------------------------------------------------------------
Epoch -> 25 
Phase : Train :: Epoch : 25 :: Loss : 53.5575453602 :: Accuracy : 0.99295178531 : LR : 0.001
------------------------------------------------------------
Epoch -> 26 
Phase : Train :: Epoch : 26 :: Loss : 51.2644135129 :: Accuracy : 0.993305633945 : LR : 0.001
------------------------------------------------------------
Epoch -> 27 
Phase : Train :: Epoch : 27 :: Loss : 51.0545446134 :: Accuracy : 0.993174347349 : LR : 0.001
------------------------------------------------------------
Epoch -> 28 
Phase : Train :: Epoch : 28 :: Loss : 51.4270872746 :: Accuracy : 0.99323311373 : LR : 0.001
------------------------------------------------------------
Epoch -> 29 
Phase : Train :: Epoch : 29 :: Loss : 51.1051285008 :: Accuracy : 0.993198103971 : LR : 0.001
------------------------------------------------------------
Epoch -> 30 
Phase : Train :: Epoch : 30 :: Loss : 50.733255376 :: Accuracy : 0.993238115125 : LR : 0.001
------------------------------------------------------------
Epoch -> 31 
Phase : Train :: Epoch : 31 :: Loss : 46.210563032 :: Accuracy : 0.99399332564 : LR : 0.0001
------------------------------------------------------------
Epoch -> 32 
Phase : Train :: Epoch : 32 :: Loss : 42.4479624488 :: Accuracy : 0.994469708431 : LR : 0.0001
------------------------------------------------------------
Epoch -> 33 
Phase : Train :: Epoch : 33 :: Loss : 40.1444072563 :: Accuracy : 0.994788547308 : LR : 0.0001
------------------------------------------------------------
Epoch -> 34 
Phase : Train :: Epoch : 34 :: Loss : 39.3162840257 :: Accuracy : 0.994936088435 : LR : 0.0001
------------------------------------------------------------
Epoch -> 35 
Phase : Train :: Epoch : 35 :: Loss : 38.7375648383 :: Accuracy : 0.994993604467 : LR : 0.0001
------------------------------------------------------------
Epoch -> 36 
Phase : Train :: Epoch : 36 :: Loss : 38.2611754565 :: Accuracy : 0.995061123288 : LR : 0.0001
------------------------------------------------------------
Epoch -> 37 
Phase : Train :: Epoch : 37 :: Loss : 37.7406967538 :: Accuracy : 0.995147397337 : LR : 0.0001
------------------------------------------------------------
Epoch -> 38 
Phase : Train :: Epoch : 38 :: Loss : 37.1492595205 :: Accuracy : 0.995268681145 : LR : 0.0001
------------------------------------------------------------
Epoch -> 39 
Phase : Train :: Epoch : 39 :: Loss : 36.6247770425 :: Accuracy : 0.995263679751 : LR : 0.0001
------------------------------------------------------------
Epoch -> 40 
Phase : Train :: Epoch : 40 :: Loss : 36.351071256 :: Accuracy : 0.995338700663 : LR : 0.0001
------------------------------------------------------------
Epoch -> 41 
Phase : Train :: Epoch : 41 :: Loss : 35.8165016795 :: Accuracy : 0.995404969135 : LR : 0.0001
------------------------------------------------------------
Epoch -> 42 
Phase : Train :: Epoch : 42 :: Loss : 35.4645578824 :: Accuracy : 0.995497494927 : LR : 0.0001
------------------------------------------------------------
Epoch -> 43 
Phase : Train :: Epoch : 43 :: Loss : 34.9922927737 :: Accuracy : 0.995514999806 : LR : 0.0001
------------------------------------------------------------
Epoch -> 44 
Phase : Train :: Epoch : 44 :: Loss : 34.5763499406 :: Accuracy : 0.995557511656 : LR : 0.0001
------------------------------------------------------------
Epoch -> 45 
Phase : Train :: Epoch : 45 :: Loss : 34.5532322968 :: Accuracy : 0.995597522809 : LR : 0.0001
------------------------------------------------------------
Epoch -> 46 
Phase : Train :: Epoch : 46 :: Loss : 34.2963642616 :: Accuracy : 0.99561377734 : LR : 0.0001
------------------------------------------------------------
Epoch -> 47 
Phase : Train :: Epoch : 47 :: Loss : 33.6587788952 :: Accuracy : 0.995627531174 : LR : 0.0001
------------------------------------------------------------
Epoch -> 48 
Phase : Train :: Epoch : 48 :: Loss : 33.4129572554 :: Accuracy : 0.995743813588 : LR : 0.0001
------------------------------------------------------------
Epoch -> 49 
Phase : Train :: Epoch : 49 :: Loss : 32.7222542128 :: Accuracy : 0.99581008206 : LR : 0.0001
------------------------------------------------------------
Epoch -> 50 
Phase : Train :: Epoch : 50 :: Loss : 32.6714928036 :: Accuracy : 0.995843841471 : LR : 0.0001
------------------------------------------------------------
Epoch -> 51 
Phase : Train :: Epoch : 51 :: Loss : 32.4159408368 :: Accuracy : 0.995885102972 : LR : 0.0001
------------------------------------------------------------
Epoch -> 52 
Phase : Train :: Epoch : 52 :: Loss : 31.8441728586 :: Accuracy : 0.995935116914 : LR : 0.0001
------------------------------------------------------------
Epoch -> 53 
Phase : Train :: Epoch : 53 :: Loss : 31.3455737222 :: Accuracy : 0.996025142008 : LR : 0.0001
------------------------------------------------------------
Epoch -> 54 
Phase : Train :: Epoch : 54 :: Loss : 30.9630415547 :: Accuracy : 0.996073905601 : LR : 0.0001
------------------------------------------------------------
Epoch -> 55 
Phase : Train :: Epoch : 55 :: Loss : 30.9445194686 :: Accuracy : 0.996061402116 : LR : 0.0001
------------------------------------------------------------
Epoch -> 56 
Phase : Train :: Epoch : 56 :: Loss : 30.6112792768 :: Accuracy : 0.996122669194 : LR : 0.0001
------------------------------------------------------------
Epoch -> 57 
Phase : Train :: Epoch : 57 :: Loss : 30.372317377 :: Accuracy : 0.996123919543 : LR : 0.0001
------------------------------------------------------------
Epoch -> 58 
Phase : Train :: Epoch : 58 :: Loss : 29.7686840145 :: Accuracy : 0.996187687318 : LR : 0.0001
------------------------------------------------------------
Epoch -> 59 
Phase : Train :: Epoch : 59 :: Loss : 29.1506208446 :: Accuracy : 0.996290215898 : LR : 0.0001
------------------------------------------------------------
Epoch -> 60 
Phase : Train :: Epoch : 60 :: Loss : 29.0219684077 :: Accuracy : 0.996306470429 : LR : 0.0001
------------------------------------------------------------
Epoch -> 61 
Phase : Train :: Epoch : 61 :: Loss : 27.7689360038 :: Accuracy : 0.996505275846 : LR : 1e-05
------------------------------------------------------------
Epoch -> 62 
Phase : Train :: Epoch : 62 :: Loss : 27.4521151858 :: Accuracy : 0.996570293969 : LR : 1e-05
------------------------------------------------------------
Epoch -> 63 
Phase : Train :: Epoch : 63 :: Loss : 27.3279066557 :: Accuracy : 0.996557790484 : LR : 1e-05
------------------------------------------------------------
Epoch -> 64 
Phase : Train :: Epoch : 64 :: Loss : 27.2072853109 :: Accuracy : 0.996597801637 : LR : 1e-05
------------------------------------------------------------
Epoch -> 65 
Phase : Train :: Epoch : 65 :: Loss : 27.073986252 :: Accuracy : 0.996636562442 : LR : 1e-05
------------------------------------------------------------
Epoch -> 66 
Phase : Train :: Epoch : 66 :: Loss : 26.9249548929 :: Accuracy : 0.996644064533 : LR : 1e-05
------------------------------------------------------------
Epoch -> 67 
Phase : Train :: Epoch : 67 :: Loss : 26.8464640208 :: Accuracy : 0.996657818367 : LR : 1e-05
------------------------------------------------------------
Epoch -> 68 
Phase : Train :: Epoch : 68 :: Loss : 26.7755942681 :: Accuracy : 0.996665320458 : LR : 1e-05
------------------------------------------------------------
Epoch -> 69 
Phase : Train :: Epoch : 69 :: Loss : 26.6941658594 :: Accuracy : 0.996671572201 : LR : 1e-05
------------------------------------------------------------
Epoch -> 70 
Phase : Train :: Epoch : 70 :: Loss : 26.5963058967 :: Accuracy : 0.996695328823 : LR : 1e-05
------------------------------------------------------------
Epoch -> 71 
Phase : Train :: Epoch : 71 :: Loss : 26.5300178851 :: Accuracy : 0.996710333005 : LR : 1e-05
------------------------------------------------------------
Epoch -> 72 
Phase : Train :: Epoch : 72 :: Loss : 26.4664301705 :: Accuracy : 0.996712833702 : LR : 1e-05
------------------------------------------------------------
Epoch -> 73 
Phase : Train :: Epoch : 73 :: Loss : 26.381316089 :: Accuracy : 0.99668907708 : LR : 1e-05
------------------------------------------------------------
Epoch -> 74 
Phase : Train :: Epoch : 74 :: Loss : 26.363250636 :: Accuracy : 0.996744092416 : LR : 1e-05
------------------------------------------------------------
Epoch -> 75 
Phase : Train :: Epoch : 75 :: Loss : 26.2778919422 :: Accuracy : 0.996734089627 : LR : 1e-05
------------------------------------------------------------
Epoch -> 76 
Phase : Train :: Epoch : 76 :: Loss : 26.2068004039 :: Accuracy : 0.996769099386 : LR : 1e-05
------------------------------------------------------------
Epoch -> 77 
Phase : Train :: Epoch : 77 :: Loss : 26.194110615 :: Accuracy : 0.996770349735 : LR : 1e-05
------------------------------------------------------------
Epoch -> 78 
Phase : Train :: Epoch : 78 :: Loss : 26.0565880147 :: Accuracy : 0.996752844856 : LR : 1e-05
------------------------------------------------------------
Epoch -> 79 
Phase : Train :: Epoch : 79 :: Loss : 26.0062253226 :: Accuracy : 0.996774100781 : LR : 1e-05
------------------------------------------------------------
Epoch -> 80 
Phase : Train :: Epoch : 80 :: Loss : 25.941131923 :: Accuracy : 0.996781602872 : LR : 1e-05
------------------------------------------------------------
Epoch -> 81 
Phase : Train :: Epoch : 81 :: Loss : 25.8984699205 :: Accuracy : 0.996765348341 : LR : 1e-05
------------------------------------------------------------
Epoch -> 82 
Phase : Train :: Epoch : 82 :: Loss : 25.8185273707 :: Accuracy : 0.996785353917 : LR : 1e-05
------------------------------------------------------------
Epoch -> 83 
Phase : Train :: Epoch : 83 :: Loss : 25.7625830195 :: Accuracy : 0.9968003581 : LR : 1e-05
------------------------------------------------------------
Epoch -> 84 
Phase : Train :: Epoch : 84 :: Loss : 25.7019793151 :: Accuracy : 0.996807860191 : LR : 1e-05
------------------------------------------------------------
Epoch -> 85 
Phase : Train :: Epoch : 85 :: Loss : 25.6423416608 :: Accuracy : 0.996850372041 : LR : 1e-05
------------------------------------------------------------
Epoch -> 86 
Phase : Train :: Epoch : 86 :: Loss : 25.6076082856 :: Accuracy : 0.996832867162 : LR : 1e-05
------------------------------------------------------------
Epoch -> 87 
Phase : Train :: Epoch : 87 :: Loss : 25.5175068353 :: Accuracy : 0.996845370647 : LR : 1e-05
------------------------------------------------------------
Epoch -> 88 
Phase : Train :: Epoch : 88 :: Loss : 25.4680656647 :: Accuracy : 0.996835367859 : LR : 1e-05
------------------------------------------------------------
Epoch -> 89 
Phase : Train :: Epoch : 89 :: Loss : 25.4104737727 :: Accuracy : 0.996840369253 : LR : 1e-05
------------------------------------------------------------
Epoch -> 90 
Phase : Train :: Epoch : 90 :: Loss : 25.3514205035 :: Accuracy : 0.996831616813 : LR : 1e-05
Model saved to disk... /home/arpan/VisionWorkspace/localization_gru/logs/GRU_c3dFineMainHL_log_hidden1k_17/GRU_c3dFC7_ep90_seq17_Adam.pt
Time for training : 24968.6052101
Prediction video meta info.
Size : [23852, 85883, 15100, 6509, 7534, 82481, 17343, 23060, 23050, 22083, 53579, 19463, 18876, 2917, 5129, 3255, 11295, 17685, 4887, 22400, 4352, 4251, 30275, 7006, 36174, 24932, 900, 2479, 6905, 4953, 16146, 19639]
623881
Loading validation/test features from disk...
Features loaded into dictionary ...
Predicting on the validation/test videos...
Predictions done on validation/test set...
Prediction file /home/arpan/VisionWorkspace/localization_gru/logs/GRU_c3dFineMainHL_log_hidden1k_17/predicted_localizations_th0_5_filt60_ep90_seq17.json !!
Traceback (most recent call last):
  File "main.py", line 445, in <module>
    tiou = main(**vars(p.parse_args()))
  File "main.py", line 396, in main
    tiou =  calculate_tIoU(LABELS, filtered_shots)
  File "/home/arpan/VisionWorkspace/localization_finetuneC3D/eval_shot_predictions.py", line 38, in calculate_tIoU
    assert os.path.exists(labelfile), "Label file does not exist."
AssertionError: Label file does not exist.
