############################################################
SEQ_SIZE : 11
No. of training videos : 16
Size : [4404, 4353, 4036, 4302, 4579, 4497, 4451, 4499, 5057, 4497, 4450, 4473, 4231, 4489, 5046, 4449, 3676, 3489, 3433, 6478, 6404, 7127, 22888, 27834, 3008, 2417, 26842, 4936, 23403, 23183, 26396, 26753, 3433, 23176, 1518, 25907, 4978, 3875, 2176, 22903, 3937, 2242, 28125, 4581, 3152, 3915, 2363, 3010, 22403, 4114, 28697, 4996, 28850, 3837, 3994, 1954, 5115, 4577, 5009, 370, 4602, 1385, 3346, 4555, 2075, 4843, 2289, 28025, 3965, 3833, 3883, 3251, 28753, 5008, 3771, 3426, 3910, 5105, 4042, 3885, 3735, 4724, 2402, 5074, 3695, 2553, 22480, 4119, 22500, 3220, 22476, 30233, 2734, 4097]
800341
Loading features from disk...
Features loaded into dictionary ...
Features loaded into dictionary ...
800341
('INP_VEC_SIZE = ', 1152)
------------------------------------------------------------
Epoch -> 1 
Phase : Train :: Epoch : 1 :: Loss : 1212.9632774 :: Accuracy : 0.838869931692 : LR : 0.001
------------------------------------------------------------
Epoch -> 2 
Phase : Train :: Epoch : 2 :: Loss : 984.114844739 :: Accuracy : 0.879257716398 : LR : 0.001
------------------------------------------------------------
Epoch -> 3 
Phase : Train :: Epoch : 3 :: Loss : 885.655031681 :: Accuracy : 0.895210916347 : LR : 0.001
------------------------------------------------------------
Epoch -> 4 
Phase : Train :: Epoch : 4 :: Loss : 810.424361885 :: Accuracy : 0.908156648229 : LR : 0.001
------------------------------------------------------------
Epoch -> 5 
Phase : Train :: Epoch : 5 :: Loss : 746.246114567 :: Accuracy : 0.919066997692 : LR : 0.001
------------------------------------------------------------
Epoch -> 6 
Phase : Train :: Epoch : 6 :: Loss : 697.04989408 :: Accuracy : 0.927233516714 : LR : 0.001
------------------------------------------------------------
Epoch -> 7 
Phase : Train :: Epoch : 7 :: Loss : 652.863262013 :: Accuracy : 0.934081847612 : LR : 0.001
------------------------------------------------------------
Epoch -> 8 
Phase : Train :: Epoch : 8 :: Loss : 617.1686268 :: Accuracy : 0.939683210032 : LR : 0.001
------------------------------------------------------------
Epoch -> 9 
Phase : Train :: Epoch : 9 :: Loss : 586.130019002 :: Accuracy : 0.944584870699 : LR : 0.001
------------------------------------------------------------
Epoch -> 10 
Phase : Train :: Epoch : 10 :: Loss : 557.836042143 :: Accuracy : 0.948866795528 : LR : 0.001
------------------------------------------------------------
Epoch -> 11 
Phase : Train :: Epoch : 11 :: Loss : 434.839728378 :: Accuracy : 0.966750422632 : LR : 0.0001
------------------------------------------------------------
Epoch -> 12 
Phase : Train :: Epoch : 12 :: Loss : 401.881608717 :: Accuracy : 0.970994863439 : LR : 0.0001
------------------------------------------------------------
Epoch -> 13 
Phase : Train :: Epoch : 13 :: Loss : 381.119116612 :: Accuracy : 0.973776177904 : LR : 0.0001
------------------------------------------------------------
Epoch -> 14 
Phase : Train :: Epoch : 14 :: Loss : 363.257979207 :: Accuracy : 0.976150165992 : LR : 0.0001
------------------------------------------------------------
Epoch -> 15 
Phase : Train :: Epoch : 15 :: Loss : 348.601725116 :: Accuracy : 0.977920661318 : LR : 0.0001
------------------------------------------------------------
Epoch -> 16 
Phase : Train :: Epoch : 16 :: Loss : 334.927465633 :: Accuracy : 0.979467501977 : LR : 0.0001
------------------------------------------------------------
Epoch -> 17 
Phase : Train :: Epoch : 17 :: Loss : 322.499227367 :: Accuracy : 0.980949370331 : LR : 0.0001
------------------------------------------------------------
Epoch -> 18 
Phase : Train :: Epoch : 18 :: Loss : 311.058324188 :: Accuracy : 0.982288799399 : LR : 0.0001
------------------------------------------------------------
Epoch -> 19 
Phase : Train :: Epoch : 19 :: Loss : 300.342057925 :: Accuracy : 0.983350846702 : LR : 0.0001
------------------------------------------------------------
Epoch -> 20 
Phase : Train :: Epoch : 20 :: Loss : 290.344994735 :: Accuracy : 0.984480365244 : LR : 0.0001
------------------------------------------------------------
Epoch -> 21 
Phase : Train :: Epoch : 21 :: Loss : 273.278368596 :: Accuracy : 0.986157150515 : LR : 1e-05
------------------------------------------------------------
Epoch -> 22 
Phase : Train :: Epoch : 22 :: Loss : 270.946467198 :: Accuracy : 0.986453274292 : LR : 1e-05
------------------------------------------------------------
Epoch -> 23 
Phase : Train :: Epoch : 23 :: Loss : 269.44243804 :: Accuracy : 0.986625700795 : LR : 1e-05
------------------------------------------------------------
Epoch -> 24 
Phase : Train :: Epoch : 24 :: Loss : 268.106096622 :: Accuracy : 0.986718161384 : LR : 1e-05
------------------------------------------------------------
Epoch -> 25 
Phase : Train :: Epoch : 25 :: Loss : 266.774385672 :: Accuracy : 0.986841858658 : LR : 1e-05
------------------------------------------------------------
Epoch -> 26 
Phase : Train :: Epoch : 26 :: Loss : 265.514875486 :: Accuracy : 0.986978050606 : LR : 1e-05
------------------------------------------------------------
Epoch -> 27 
Phase : Train :: Epoch : 27 :: Loss : 264.288708922 :: Accuracy : 0.987083005869 : LR : 1e-05
------------------------------------------------------------
Epoch -> 28 
Phase : Train :: Epoch : 28 :: Loss : 263.118631754 :: Accuracy : 0.987176715925 : LR : 1e-05
------------------------------------------------------------
Epoch -> 29 
Phase : Train :: Epoch : 29 :: Loss : 261.916151661 :: Accuracy : 0.987321654145 : LR : 1e-05
------------------------------------------------------------
Epoch -> 30 
Phase : Train :: Epoch : 30 :: Loss : 260.745837528 :: Accuracy : 0.987375381244 : LR : 1e-05
Model saved to disk... /home/arpan/VisionWorkspace/localization_gru/logs/GRU_of20HLMain_log_hidden1k/GRU_OF_ep30_seq11_Adam.pt
Time for training : 19156.8900042
Prediction video meta info.
Size : [4449, 4388, 4405, 4463, 5214]
577711
Loading validation/test features from disk...
Features loaded into dictionary ...
Predicting on the validation/test videos...
Predictions done on validation/test set...
Prediction file /home/arpan/VisionWorkspace/localization_gru/logs/GRU_of20HLMain_log_hidden1k/predicted_localizations_th0_5_filt60_ep30_seq11.json !!
Done 0 : hotstar/karnataka-stamp-class-on-day-1.mp4
TIoU for video : 0.379177209717
Done 1 : hotstar/Top 20 Crazy Moments In Cricket.mp4
Done 2 : youtube/v_BBshznJqWFE.mp4
TIoU for video : 0.309940732759
Done 3 : youtube/v_19sVHiSbanM.mp4
TIoU for video : 0.250717395759
Done 4 : youtube/v_Mv4mzOxKyE8.mp4
TIoU for video : 0.380757023518
Done 5 : hotstar/day-1-england-ride-on-root-moeen.mp4
TIoU for video : 0.383354723465
Done 6 : hotstar/same-yuvraj-different-comeback.mp4
TIoU for video : 0.195926966292
Done 7 : youtube/v_LtgHf51-i4U.mp4
TIoU for video : 0.238960273819
Done 8 : cpl2015/Game 28 highlights - Amazon Warriors vs Tridents _ CPL15.avi
TIoU for video : 0.425336394243
Done 9 : youtube/v_5wgFl-4X2-Q.mp4
TIoU for video : 0.635633589917
Done 10 : ipl2017/IPL2017 M11.avi
TIoU for video : 0.448173268267
Done 11 : youtube/v_-Wp7AhmHNAI.mp4
TIoU for video : 0.176605881949
Done 12 : youtube/v_ExNKybLxmoc.mp4
TIoU for video : 0.293892094063
Done 13 : youtube/v_EWnlXR7dqvU.mp4
TIoU for video : 0.476306391531
Done 14 : youtube/v_RSi3SiCJJsA.mp4
TIoU for video : 0.426983608289
Done 15 : hotstar/5th-test-rahuls-199-vs-eng.mp4
TIoU for video : 0.417954519838
Done 16 : hotstar/IPL Super over.mp4
TIoU for video : 0.303901856898
Done 17 : youtube/v_6mi0vnPncSc.mp4
TIoU for video : 0.387599950462
Done 18 : hotstar/india-win-thriller-in-nagpur.mp4
TIoU for video : 0.394502533558
Done 19 : hotstar/1st-odi-kohlijadhavs-200run-stand.mp4
TIoU for video : 0.493620453012
Done 20 : youtube/v_QpwaoVZSChY.mp4
Done 21 : ipl2017/IPL2017 M42.avi
TIoU for video : 0.417667063761
Done 22 : hotstar/yuvi-msd-give-ind-series-win.mp4
TIoU for video : 0.473132445962
Done 23 : youtube/v__tEb7K5jc7M.mp4
TIoU for video : 0.354690573653
Done 24 : youtube/v_-vlWskdBSQw.mp4
TIoU for video : 0.319767451725
Done 25 : hotstar/Highlights Australia v India, MCG.mp4
TIoU for video : 0.330213519504
Done 26 : hotstar/dhonis-134-tames-england.mp4
TIoU for video : 0.369865086093
Done 27 : youtube/v_Tb1V2UNSe3g.mp4
TIoU for video : 0.378858965204
Done 28 : youtube/v_M_92i_kasAs.mp4
TIoU for video : 0.287813932178
Done 29 : cpl2015/Game 7 highlights - Tridents vs Patriots _ CPL15.avi
TIoU for video : 0.273148649396
Total segments : 1169
Total_tiou (all vids) : 409.508079607
Weighted Averaged TIoU  : 0.350306312752
#Parameters : 6463001 
TIoU : 0.350306312752
############################################################
TIoU values written for all iterations !!
